2024-05-18 13:09:02,414  INFO [main] Utils:112 - [TestNG] Running:
  /Users/keyurparmar/Library/Caches/JetBrains/IdeaIC2023.2/temp-testng-customsuite.xml

2024-05-18 13:09:02,867  INFO [main] BaseClass:37 - Initialization Test...
2024-05-18 13:09:02,867  INFO [main] BaseClass:38 - TimeStamp: 1716017942
2024-05-18 13:09:08,318  INFO [main] WebDriverManager:1220 - Using chromedriver 124.0.6367.207 (resolved driver for Chrome 124)
2024-05-18 13:09:08,354  INFO [main] WebDriverManager:1282 - Exporting webdriver.chrome.driver as /Users/keyurparmar/.cache/selenium/chromedriver/mac-arm64/124.0.6367.207/chromedriver
2024-05-18 13:09:09,950  INFO [main] BaseClass:15 - Scenario Executing Start :-[Positive] Should be possible hide the Country
2024-05-18 13:09:11,963  INFO [main] BaseClass:28 - Visited https://www.playball-qa.fun/
2024-05-18 13:09:12,092  INFO [main] BaseClass:34 - Entered Email: point@gmail.com
2024-05-18 13:09:12,195  INFO [main] BaseClass:38 - Entered Password
2024-05-18 13:09:12,249  INFO [main] BaseClass:42 - Clicked on Enter Button
2024-05-18 13:09:37,493  INFO [main] BaseClass:26 - Scenario Executing Finish :-[Positive] Should be possible hide the Country
2024-05-18 13:09:37,494  INFO [main] BaseClass:55 - ::::Active Browser is close::::
2024-05-18 13:09:37,653  INFO [main] BaseClass:57 - ::::All Browser is quit::::
2024-05-18 13:09:49,211  INFO [main] Utils:112 - [TestNG] Running:
  /Users/keyurparmar/Library/Caches/JetBrains/IdeaIC2023.2/temp-testng-customsuite.xml

2024-05-18 13:09:49,641  INFO [main] BaseClass:37 - Initialization Test...
2024-05-18 13:09:49,641  INFO [main] BaseClass:38 - TimeStamp: 1716017989
2024-05-18 13:09:49,793  INFO [main] WebDriverManager:1220 - Using chromedriver 124.0.6367.207 (resolved driver for Chrome 124)
2024-05-18 13:09:49,869  INFO [main] WebDriverManager:1282 - Exporting webdriver.chrome.driver as /Users/keyurparmar/.cache/selenium/chromedriver/mac-arm64/124.0.6367.207/chromedriver
2024-05-18 13:09:51,097  INFO [main] BaseClass:15 - Scenario Executing Start :-[Positive] Should be possible hide the Country
2024-05-18 13:09:52,731  INFO [main] BaseClass:28 - Visited https://www.playball-qa.fun/
2024-05-18 13:09:52,886  INFO [main] BaseClass:34 - Entered Email: point@gmail.com
2024-05-18 13:09:52,924  INFO [main] BaseClass:38 - Entered Password
2024-05-18 13:09:52,971  INFO [main] BaseClass:42 - Clicked on Enter Button
2024-05-18 13:09:54,545  INFO [main] BaseClass:28 - Dashboard page is displayed
2024-05-18 13:09:55,631  INFO [main] BaseClass:29 - Clicked on Countries & cities option
2024-05-18 13:09:55,665  INFO [main] BaseClass:28 - Page title is displayed
2024-05-18 13:09:55,827  INFO [main] BaseClass:26 - Scenario Executing Finish :-[Positive] Should be possible hide the Country
2024-05-18 13:09:55,827  INFO [main] BaseClass:55 - ::::Active Browser is close::::
2024-05-18 13:09:55,929  INFO [main] BaseClass:57 - ::::All Browser is quit::::
2024-05-18 13:10:17,164  INFO [main] Utils:112 - [TestNG] Running:
  /Users/keyurparmar/Library/Caches/JetBrains/IdeaIC2023.2/temp-testng-customsuite.xml

2024-05-18 13:10:17,995  INFO [main] BaseClass:37 - Initialization Test...
2024-05-18 13:10:17,996  INFO [main] BaseClass:38 - TimeStamp: 1716018017
2024-05-18 13:10:18,326  INFO [main] WebDriverManager:1220 - Using chromedriver 124.0.6367.207 (resolved driver for Chrome 124)
2024-05-18 13:10:18,361  INFO [main] WebDriverManager:1282 - Exporting webdriver.chrome.driver as /Users/keyurparmar/.cache/selenium/chromedriver/mac-arm64/124.0.6367.207/chromedriver
2024-05-18 13:10:20,217  INFO [main] BaseClass:15 - Scenario Executing Start :-[Positive] Should be possible hide the Country
2024-05-18 13:10:22,326  INFO [main] BaseClass:28 - Visited https://www.playball-qa.fun/
2024-05-18 13:10:22,564  INFO [main] BaseClass:34 - Entered Email: point@gmail.com
2024-05-18 13:10:22,711  INFO [main] BaseClass:38 - Entered Password
2024-05-18 13:10:22,774  INFO [main] BaseClass:42 - Clicked on Enter Button
2024-05-18 13:10:48,416  INFO [main] BaseClass:26 - Scenario Executing Finish :-[Positive] Should be possible hide the Country
2024-05-18 13:10:48,416  INFO [main] BaseClass:55 - ::::Active Browser is close::::
2024-05-18 13:10:48,645  INFO [main] BaseClass:57 - ::::All Browser is quit::::
2024-05-18 18:23:22,482  INFO [main] Utils:112 - [TestNG] Running:
  /Users/keyurparmar/Library/Caches/JetBrains/IdeaIC2023.2/temp-testng-customsuite.xml

2024-05-18 18:23:22,943  INFO [main] BaseClass:37 - Initialization Test...
2024-05-18 18:23:22,944  INFO [main] BaseClass:38 - TimeStamp: 1716036802
2024-05-18 18:23:29,883  INFO [main] WebDriverManager:1220 - Using chromedriver 124.0.6367.207 (resolved driver for Chrome 124)
2024-05-18 18:23:29,920  INFO [main] WebDriverManager:1282 - Exporting webdriver.chrome.driver as /Users/keyurparmar/.cache/selenium/chromedriver/mac-arm64/124.0.6367.207/chromedriver
2024-05-18 18:23:31,453  INFO [main] BaseClass:15 - Scenario Executing Start :-[Positive] Should be possible hide the Country
2024-05-18 18:23:33,820  INFO [main] BaseClass:28 - Visited https://www.playball-qa.fun/
2024-05-18 18:23:34,015  INFO [main] BaseClass:34 - Entered Email: point@gmail.com
2024-05-18 18:23:34,078  INFO [main] BaseClass:38 - Entered Password
2024-05-18 18:23:34,141  INFO [main] BaseClass:42 - Clicked on Enter Button
2024-05-18 18:23:35,709  INFO [main] BaseClass:28 - Dashboard page is displayed
2024-05-18 18:23:36,716  INFO [main] BaseClass:29 - Clicked on Countries & cities option
2024-05-18 18:23:36,741  INFO [main] BaseClass:28 - Page title is displayed
2024-05-18 18:23:36,987  INFO [main] BaseClass:26 - Scenario Executing Finish :-[Positive] Should be possible hide the Country
2024-05-18 18:23:36,987  INFO [main] BaseClass:55 - ::::Active Browser is close::::
2024-05-18 18:23:37,093  INFO [main] BaseClass:57 - ::::All Browser is quit::::
2024-05-18 18:25:34,417  INFO [main] Utils:112 - [TestNG] Running:
  /Users/keyurparmar/Library/Caches/JetBrains/IdeaIC2023.2/temp-testng-customsuite.xml

2024-05-18 18:25:34,870  INFO [main] BaseClass:37 - Initialization Test...
2024-05-18 18:25:34,871  INFO [main] BaseClass:38 - TimeStamp: 1716036934
2024-05-18 18:25:35,065  INFO [main] WebDriverManager:1220 - Using chromedriver 124.0.6367.207 (resolved driver for Chrome 124)
2024-05-18 18:25:35,104  INFO [main] WebDriverManager:1282 - Exporting webdriver.chrome.driver as /Users/keyurparmar/.cache/selenium/chromedriver/mac-arm64/124.0.6367.207/chromedriver
2024-05-18 18:25:36,648  INFO [main] BaseClass:15 - Scenario Executing Start :-[Positive] Should be possible hide the Country
2024-05-18 18:25:38,562  INFO [main] BaseClass:28 - Visited https://www.playball-qa.fun/
2024-05-18 18:25:38,718  INFO [main] BaseClass:34 - Entered Email: point@gmail.com
2024-05-18 18:25:38,787  INFO [main] BaseClass:38 - Entered Password
2024-05-18 18:25:38,848  INFO [main] BaseClass:42 - Clicked on Enter Button
2024-05-18 18:25:40,413  INFO [main] BaseClass:28 - Dashboard page is displayed
2024-05-18 18:25:41,895  INFO [main] BaseClass:29 - Clicked on Countries & cities option
2024-05-18 18:25:41,918  INFO [main] BaseClass:28 - Page title is displayed
2024-05-18 18:25:42,177  INFO [main] BaseClass:26 - Scenario Executing Finish :-[Positive] Should be possible hide the Country
2024-05-18 18:25:42,177  INFO [main] BaseClass:55 - ::::Active Browser is close::::
2024-05-18 18:25:42,276  INFO [main] BaseClass:57 - ::::All Browser is quit::::
2024-05-18 18:30:16,902  INFO [main] Utils:112 - [TestNG] Running:
  /Users/keyurparmar/Library/Caches/JetBrains/IdeaIC2023.2/temp-testng-customsuite.xml

2024-05-18 18:30:17,370  INFO [main] BaseClass:37 - Initialization Test...
2024-05-18 18:30:17,371  INFO [main] BaseClass:38 - TimeStamp: 1716037217
2024-05-18 18:30:17,574  INFO [main] WebDriverManager:1220 - Using chromedriver 124.0.6367.207 (resolved driver for Chrome 124)
2024-05-18 18:30:17,614  INFO [main] WebDriverManager:1282 - Exporting webdriver.chrome.driver as /Users/keyurparmar/.cache/selenium/chromedriver/mac-arm64/124.0.6367.207/chromedriver
2024-05-18 18:30:19,120  INFO [main] BaseClass:15 - Scenario Executing Start :-[Positive] Should be possible hide the Country
2024-05-18 18:30:21,460  INFO [main] BaseClass:28 - Visited https://www.playball-qa.fun/
2024-05-18 18:30:21,599  INFO [main] BaseClass:34 - Entered Email: point@gmail.com
2024-05-18 18:30:21,660  INFO [main] BaseClass:38 - Entered Password
2024-05-18 18:30:21,717  INFO [main] BaseClass:42 - Clicked on Enter Button
2024-05-18 18:30:23,792  INFO [main] BaseClass:28 - Dashboard page is displayed
2024-05-18 18:30:24,788  INFO [main] BaseClass:29 - Clicked on Countries & cities option
2024-05-18 18:30:24,813  INFO [main] BaseClass:28 - Page title is displayed
2024-05-18 18:30:25,391  INFO [main] BaseClass:28 - Country with it's correct status is displayed
2024-05-18 18:30:25,393  INFO [main] BaseClass:26 - Scenario Executing Finish :-[Positive] Should be possible hide the Country
2024-05-18 18:30:25,393  INFO [main] BaseClass:55 - ::::Active Browser is close::::
2024-05-18 18:30:25,499  INFO [main] BaseClass:57 - ::::All Browser is quit::::
